Command line:
   chip_counter_tb_isim_beh.exe
     -simmode  gui
     -simrunnum  0
     -socket  54466

Thu May 05 11:06:07 2016


 Elaboration Time: 0.0624 sec

 Current Memory Usage: 666.534 Meg

 Total Signals          : 24
 Total Nets             : 48
 Total Signal Drivers   : 16
 Total Blocks           : 3
 Total Primitive Blocks : 2
 Total Processes        : 28
 Total Traceable Variables  : 31
 Total Scalar Nets and Variables : 176
Total Line Count : 73

 Total Simulation Time: 0.1248 sec

 Current Memory Usage: 666.534 Meg

Thu May 05 11:09:48 2016

